<?xml version="1.0" encoding="UTF-8"?>
<testsuite xmlns:xsi="http://www.w3.org/2001/XMLSchema-instance" xsi:noNamespaceSchemaLocation="https://maven.apache.org/surefire/maven-failsafe-plugin/xsd/failsafe-test-report-3.0.xsd" version="3.0" name="com.qa.testRunner.ParallelRun" time="494.036" tests="0" errors="0" skipped="0" failures="0">
  <properties>
    <property name="sun.desktop" value="windows"/>
    <property name="awt.toolkit" value="sun.awt.windows.WToolkit"/>
    <property name="java.specification.version" value="11"/>
    <property name="sun.cpu.isalist" value="amd64"/>
    <property name="sun.jnu.encoding" value="Cp1252"/>
    <property name="java.class.path" value="C:\Users\Lenovo\eclipse-workspace\CucumberBDDFrame_Junit\target\test-classes;C:\Users\Lenovo\eclipse-workspace\CucumberBDDFrame_Junit\target\CucumberBDDFrame_Junit-0.0.1-SNAPSHOT.jar;C:\Users\Lenovo\.m2\repository\io\cucumber\cucumber-java\6.9.0\cucumber-java-6.9.0.jar;C:\Users\Lenovo\.m2\repository\io\cucumber\cucumber-core\6.9.0\cucumber-core-6.9.0.jar;C:\Users\Lenovo\.m2\repository\io\cucumber\cucumber-gherkin\6.9.0\cucumber-gherkin-6.9.0.jar;C:\Users\Lenovo\.m2\repository\io\cucumber\cucumber-gherkin-messages\6.9.0\cucumber-gherkin-messages-6.9.0.jar;C:\Users\Lenovo\.m2\repository\io\cucumber\messages\13.2.0\messages-13.2.0.jar;C:\Users\Lenovo\.m2\repository\io\cucumber\tag-expressions\3.0.0\tag-expressions-3.0.0.jar;C:\Users\Lenovo\.m2\repository\io\cucumber\cucumber-expressions\10.3.0\cucumber-expressions-10.3.0.jar;C:\Users\Lenovo\.m2\repository\io\cucumber\datatable\3.5.0\datatable-3.5.0.jar;C:\Users\Lenovo\.m2\repository\io\cucumber\cucumber-plugin\6.9.0\cucumber-plugin-6.9.0.jar;C:\Users\Lenovo\.m2\repository\io\cucumber\docstring\6.9.0\docstring-6.9.0.jar;C:\Users\Lenovo\.m2\repository\io\cucumber\html-formatter\9.0.0\html-formatter-9.0.0.jar;C:\Users\Lenovo\.m2\repository\io\cucumber\create-meta\2.0.4\create-meta-2.0.4.jar;C:\Users\Lenovo\.m2\repository\org\apiguardian\apiguardian-api\1.1.0\apiguardian-api-1.1.0.jar;C:\Users\Lenovo\.m2\repository\io\cucumber\cucumber-junit\6.9.0\cucumber-junit-6.9.0.jar;C:\Users\Lenovo\.m2\repository\junit\junit\4.13.1\junit-4.13.1.jar;C:\Users\Lenovo\.m2\repository\org\hamcrest\hamcrest-core\1.3\hamcrest-core-1.3.jar;C:\Users\Lenovo\.m2\repository\org\seleniumhq\selenium\selenium-java\4.13.0\selenium-java-4.13.0.jar;C:\Users\Lenovo\.m2\repository\org\seleniumhq\selenium\selenium-api\4.13.0\selenium-api-4.13.0.jar;C:\Users\Lenovo\.m2\repository\org\seleniumhq\selenium\selenium-chrome-driver\4.13.0\selenium-chrome-driver-4.13.0.jar;C:\Users\Lenovo\.m2\repository\com\google\auto\service\auto-service-annotations\1.1.1\auto-service-annotations-1.1.1.jar;C:\Users\Lenovo\.m2\repository\org\seleniumhq\selenium\selenium-chromium-driver\4.13.0\selenium-chromium-driver-4.13.0.jar;C:\Users\Lenovo\.m2\repository\org\seleniumhq\selenium\selenium-json\4.13.0\selenium-json-4.13.0.jar;C:\Users\Lenovo\.m2\repository\org\seleniumhq\selenium\selenium-manager\4.13.0\selenium-manager-4.13.0.jar;C:\Users\Lenovo\.m2\repository\org\seleniumhq\selenium\selenium-devtools-v115\4.13.0\selenium-devtools-v115-4.13.0.jar;C:\Users\Lenovo\.m2\repository\org\seleniumhq\selenium\selenium-devtools-v116\4.13.0\selenium-devtools-v116-4.13.0.jar;C:\Users\Lenovo\.m2\repository\org\seleniumhq\selenium\selenium-devtools-v117\4.13.0\selenium-devtools-v117-4.13.0.jar;C:\Users\Lenovo\.m2\repository\org\seleniumhq\selenium\selenium-devtools-v85\4.13.0\selenium-devtools-v85-4.13.0.jar;C:\Users\Lenovo\.m2\repository\org\seleniumhq\selenium\selenium-edge-driver\4.13.0\selenium-edge-driver-4.13.0.jar;C:\Users\Lenovo\.m2\repository\org\seleniumhq\selenium\selenium-firefox-driver\4.13.0\selenium-firefox-driver-4.13.0.jar;C:\Users\Lenovo\.m2\repository\org\seleniumhq\selenium\selenium-http\4.13.0\selenium-http-4.13.0.jar;C:\Users\Lenovo\.m2\repository\dev\failsafe\failsafe\3.3.2\failsafe-3.3.2.jar;C:\Users\Lenovo\.m2\repository\org\seleniumhq\selenium\selenium-ie-driver\4.13.0\selenium-ie-driver-4.13.0.jar;C:\Users\Lenovo\.m2\repository\org\seleniumhq\selenium\selenium-remote-driver\4.13.0\selenium-remote-driver-4.13.0.jar;C:\Users\Lenovo\.m2\repository\io\netty\netty-buffer\4.1.96.Final\netty-buffer-4.1.96.Final.jar;C:\Users\Lenovo\.m2\repository\io\netty\netty-codec-http\4.1.96.Final\netty-codec-http-4.1.96.Final.jar;C:\Users\Lenovo\.m2\repository\io\netty\netty-codec\4.1.96.Final\netty-codec-4.1.96.Final.jar;C:\Users\Lenovo\.m2\repository\io\netty\netty-handler\4.1.96.Final\netty-handler-4.1.96.Final.jar;C:\Users\Lenovo\.m2\repository\io\netty\netty-common\4.1.96.Final\netty-common-4.1.96.Final.jar;C:\Users\Lenovo\.m2\repository\io\netty\netty-transport-classes-epoll\4.1.96.Final\netty-transport-classes-epoll-4.1.96.Final.jar;C:\Users\Lenovo\.m2\repository\io\netty\netty-transport-classes-kqueue\4.1.96.Final\netty-transport-classes-kqueue-4.1.96.Final.jar;C:\Users\Lenovo\.m2\repository\io\netty\netty-transport-native-epoll\4.1.96.Final\netty-transport-native-epoll-4.1.96.Final.jar;C:\Users\Lenovo\.m2\repository\io\netty\netty-transport-native-kqueue\4.1.96.Final\netty-transport-native-kqueue-4.1.96.Final.jar;C:\Users\Lenovo\.m2\repository\io\netty\netty-transport-native-unix-common\4.1.96.Final\netty-transport-native-unix-common-4.1.96.Final.jar;C:\Users\Lenovo\.m2\repository\io\netty\netty-transport\4.1.96.Final\netty-transport-4.1.96.Final.jar;C:\Users\Lenovo\.m2\repository\io\netty\netty-resolver\4.1.96.Final\netty-resolver-4.1.96.Final.jar;C:\Users\Lenovo\.m2\repository\io\opentelemetry\opentelemetry-api\1.28.0\opentelemetry-api-1.28.0.jar;C:\Users\Lenovo\.m2\repository\io\opentelemetry\opentelemetry-context\1.28.0\opentelemetry-context-1.28.0.jar;C:\Users\Lenovo\.m2\repository\io\opentelemetry\opentelemetry-exporter-logging\1.28.0\opentelemetry-exporter-logging-1.28.0.jar;C:\Users\Lenovo\.m2\repository\io\opentelemetry\opentelemetry-sdk-metrics\1.28.0\opentelemetry-sdk-metrics-1.28.0.jar;C:\Users\Lenovo\.m2\repository\io\opentelemetry\opentelemetry-extension-incubator\1.28.0-alpha\opentelemetry-extension-incubator-1.28.0-alpha.jar;C:\Users\Lenovo\.m2\repository\io\opentelemetry\opentelemetry-sdk-logs\1.28.0\opentelemetry-sdk-logs-1.28.0.jar;C:\Users\Lenovo\.m2\repository\io\opentelemetry\opentelemetry-sdk-common\1.28.0\opentelemetry-sdk-common-1.28.0.jar;C:\Users\Lenovo\.m2\repository\io\opentelemetry\opentelemetry-sdk-extension-autoconfigure-spi\1.28.0\opentelemetry-sdk-extension-autoconfigure-spi-1.28.0.jar;C:\Users\Lenovo\.m2\repository\io\opentelemetry\opentelemetry-sdk-extension-autoconfigure\1.28.0\opentelemetry-sdk-extension-autoconfigure-1.28.0.jar;C:\Users\Lenovo\.m2\repository\io\opentelemetry\opentelemetry-api-events\1.28.0-alpha\opentelemetry-api-events-1.28.0-alpha.jar;C:\Users\Lenovo\.m2\repository\io\opentelemetry\opentelemetry-sdk-trace\1.28.0\opentelemetry-sdk-trace-1.28.0.jar;C:\Users\Lenovo\.m2\repository\io\opentelemetry\opentelemetry-sdk\1.28.0\opentelemetry-sdk-1.28.0.jar;C:\Users\Lenovo\.m2\repository\io\opentelemetry\opentelemetry-semconv\1.28.0-alpha\opentelemetry-semconv-1.28.0-alpha.jar;C:\Users\Lenovo\.m2\repository\org\asynchttpclient\async-http-client\2.12.3\async-http-client-2.12.3.jar;C:\Users\Lenovo\.m2\repository\org\asynchttpclient\async-http-client-netty-utils\2.12.3\async-http-client-netty-utils-2.12.3.jar;C:\Users\Lenovo\.m2\repository\io\netty\netty-codec-socks\4.1.60.Final\netty-codec-socks-4.1.60.Final.jar;C:\Users\Lenovo\.m2\repository\io\netty\netty-handler-proxy\4.1.60.Final\netty-handler-proxy-4.1.60.Final.jar;C:\Users\Lenovo\.m2\repository\io\netty\netty-transport-native-epoll\4.1.60.Final\netty-transport-native-epoll-4.1.60.Final-linux-x86_64.jar;C:\Users\Lenovo\.m2\repository\io\netty\netty-transport-native-kqueue\4.1.60.Final\netty-transport-native-kqueue-4.1.60.Final-osx-x86_64.jar;C:\Users\Lenovo\.m2\repository\com\typesafe\netty\netty-reactive-streams\2.0.4\netty-reactive-streams-2.0.4.jar;C:\Users\Lenovo\.m2\repository\org\seleniumhq\selenium\selenium-os\4.13.0\selenium-os-4.13.0.jar;C:\Users\Lenovo\.m2\repository\org\apache\commons\commons-exec\1.3\commons-exec-1.3.jar;C:\Users\Lenovo\.m2\repository\org\seleniumhq\selenium\selenium-safari-driver\4.13.0\selenium-safari-driver-4.13.0.jar;C:\Users\Lenovo\.m2\repository\org\seleniumhq\selenium\selenium-support\4.13.0\selenium-support-4.13.0.jar;C:\Users\Lenovo\.m2\repository\org\slf4j\slf4j-simple\2.0.7\slf4j-simple-2.0.7.jar;C:\Users\Lenovo\.m2\repository\org\slf4j\slf4j-api\2.0.7\slf4j-api-2.0.7.jar;C:\Users\Lenovo\.m2\repository\io\github\bonigarcia\webdrivermanager\4.2.2\webdrivermanager-4.2.2.jar;C:\Users\Lenovo\.m2\repository\commons-io\commons-io\2.8.0\commons-io-2.8.0.jar;C:\Users\Lenovo\.m2\repository\com\google\code\gson\gson\2.8.6\gson-2.8.6.jar;C:\Users\Lenovo\.m2\repository\org\apache\commons\commons-lang3\3.11\commons-lang3-3.11.jar;C:\Users\Lenovo\.m2\repository\org\apache\httpcomponents\client5\httpclient5\5.0.1\httpclient5-5.0.1.jar;C:\Users\Lenovo\.m2\repository\org\apache\httpcomponents\core5\httpcore5\5.0.1\httpcore5-5.0.1.jar;C:\Users\Lenovo\.m2\repository\org\apache\httpcomponents\core5\httpcore5-h2\5.0.1\httpcore5-h2-5.0.1.jar;C:\Users\Lenovo\.m2\repository\org\rauschig\jarchivelib\1.1.0\jarchivelib-1.1.0.jar;C:\Users\Lenovo\.m2\repository\org\jsoup\jsoup\1.13.1\jsoup-1.13.1.jar;C:\Users\Lenovo\.m2\repository\tech\grasshopper\extentreports-cucumber6-adapter\2.16.0\extentreports-cucumber6-adapter-2.16.0.jar;C:\Users\Lenovo\.m2\repository\tech\grasshopper\extent-pdf-report\2.9.1\extent-pdf-report-2.9.1.jar;C:\Users\Lenovo\.m2\repository\tech\grasshopper\cucumber-pdf-report\2.11.1\cucumber-pdf-report-2.11.1.jar;C:\Users\Lenovo\.m2\repository\org\apache\pdfbox\pdfbox\2.0.26\pdfbox-2.0.26.jar;C:\Users\Lenovo\.m2\repository\org\apache\pdfbox\fontbox\2.0.26\fontbox-2.0.26.jar;C:\Users\Lenovo\.m2\repository\org\knowm\xchart\xchart\3.8.0\xchart-3.8.0.jar;C:\Users\Lenovo\.m2\repository\de\erichseifert\vectorgraphics2d\VectorGraphics2D\0.13\VectorGraphics2D-0.13.jar;C:\Users\Lenovo\.m2\repository\de\rototor\pdfbox\graphics2d\0.30\graphics2d-0.30.jar;C:\Users\Lenovo\.m2\repository\com\madgag\animated-gif-lib\1.4\animated-gif-lib-1.4.jar;C:\Users\Lenovo\.m2\repository\org\yaml\snakeyaml\1.28\snakeyaml-1.28.jar;C:\Users\Lenovo\.m2\repository\tech\grasshopper\table-layout\1.5.1\table-layout-1.5.1.jar;C:\Users\Lenovo\.m2\repository\tech\grasshopper\rest-assured-cucumber-pdf-report\1.4.1\rest-assured-cucumber-pdf-report-1.4.1.jar;C:\Users\Lenovo\.m2\repository\com\aventstack\klov-reporter\5.0.9\klov-reporter-5.0.9.jar;C:\Users\Lenovo\.m2\repository\org\mongodb\bson\3.6.4\bson-3.6.4.jar;C:\Users\Lenovo\.m2\repository\org\apache\httpcomponents\httpmime\4.5.13\httpmime-4.5.13.jar;C:\Users\Lenovo\.m2\repository\tech\grasshopper\htmlextentreporter\1.0.1\htmlextentreporter-1.0.1.jar;C:\Users\Lenovo\.m2\repository\tech\grasshopper\extent-excel-report\1.3.0\extent-excel-report-1.3.0.jar;C:\Users\Lenovo\.m2\repository\org\mongodb\mongodb-driver\3.3.0\mongodb-driver-3.3.0.jar;C:\Users\Lenovo\.m2\repository\org\mongodb\mongodb-driver-core\3.3.0\mongodb-driver-core-3.3.0.jar;C:\Users\Lenovo\.m2\repository\com\aventstack\extentreports\5.0.4\extentreports-5.0.4.jar;C:\Users\Lenovo\.m2\repository\io\reactivex\rxjava3\rxjava\3.0.4\rxjava-3.0.4.jar;C:\Users\Lenovo\.m2\repository\org\reactivestreams\reactive-streams\1.0.3\reactive-streams-1.0.3.jar;C:\Users\Lenovo\.m2\repository\org\freemarker\freemarker\2.3.30\freemarker-2.3.30.jar;C:\Users\Lenovo\.m2\repository\org\projectlombok\lombok\1.18.12\lombok-1.18.12.jar;C:\Users\Lenovo\.m2\repository\org\testng\testng\6.14.3\testng-6.14.3.jar;C:\Users\Lenovo\.m2\repository\com\beust\jcommander\1.72\jcommander-1.72.jar;C:\Users\Lenovo\.m2\repository\org\apache-extras\beanshell\bsh\2.0b6\bsh-2.0b6.jar;C:\Users\Lenovo\.m2\repository\io\cucumber\cucumber-testng\6.9.0\cucumber-testng-6.9.0.jar;C:\Users\Lenovo\.m2\repository\org\apache\poi\poi\4.1.2\poi-4.1.2.jar;C:\Users\Lenovo\.m2\repository\commons-codec\commons-codec\1.13\commons-codec-1.13.jar;C:\Users\Lenovo\.m2\repository\org\apache\commons\commons-collections4\4.4\commons-collections4-4.4.jar;C:\Users\Lenovo\.m2\repository\org\apache\commons\commons-math3\3.6.1\commons-math3-3.6.1.jar;C:\Users\Lenovo\.m2\repository\com\zaxxer\SparseBitSet\1.2\SparseBitSet-1.2.jar;C:\Users\Lenovo\.m2\repository\org\apache\poi\poi-ooxml\4.1.2\poi-ooxml-4.1.2.jar;C:\Users\Lenovo\.m2\repository\org\apache\poi\poi-ooxml-schemas\4.1.2\poi-ooxml-schemas-4.1.2.jar;C:\Users\Lenovo\.m2\repository\org\apache\xmlbeans\xmlbeans\3.1.0\xmlbeans-3.1.0.jar;C:\Users\Lenovo\.m2\repository\org\apache\commons\commons-compress\1.19\commons-compress-1.19.jar;C:\Users\Lenovo\.m2\repository\com\github\virtuald\curvesapi\1.06\curvesapi-1.06.jar;C:\Users\Lenovo\.m2\repository\net\serenity-bdd\serenity-core\4.0.18\serenity-core-4.0.18.jar;C:\Users\Lenovo\.m2\repository\net\serenity-bdd\serenity-report-resources\4.0.18\serenity-report-resources-4.0.18.jar;C:\Users\Lenovo\.m2\repository\com\fasterxml\jackson\core\jackson-core\2.15.2\jackson-core-2.15.2.jar;C:\Users\Lenovo\.m2\repository\com\fasterxml\jackson\core\jackson-databind\2.15.2\jackson-databind-2.15.2.jar;C:\Users\Lenovo\.m2\repository\com\fasterxml\jackson\core\jackson-annotations\2.15.2\jackson-annotations-2.15.2.jar;C:\Users\Lenovo\.m2\repository\org\apache\httpcomponents\httpclient\4.5.13\httpclient-4.5.13.jar;C:\Users\Lenovo\.m2\repository\org\apache\httpcomponents\httpcore\4.4.13\httpcore-4.4.13.jar;C:\Users\Lenovo\.m2\repository\commons-logging\commons-logging\1.2\commons-logging-1.2.jar;C:\Users\Lenovo\.m2\repository\org\htmlunit\htmlunit\3.4.0\htmlunit-3.4.0.jar;C:\Users\Lenovo\.m2\repository\org\htmlunit\htmlunit-core-js\3.4.0\htmlunit-core-js-3.4.0.jar;C:\Users\Lenovo\.m2\repository\org\htmlunit\neko-htmlunit\3.4.0\neko-htmlunit-3.4.0.jar;C:\Users\Lenovo\.m2\repository\org\htmlunit\htmlunit-cssparser\3.4.0\htmlunit-cssparser-3.4.0.jar;C:\Users\Lenovo\.m2\repository\org\htmlunit\htmlunit-xpath\3.4.0\htmlunit-xpath-3.4.0.jar;C:\Users\Lenovo\.m2\repository\org\brotli\dec\0.1.2\dec-0.1.2.jar;C:\Users\Lenovo\.m2\repository\com\shapesecurity\salvation2\3.0.1\salvation2-3.0.1.jar;C:\Users\Lenovo\.m2\repository\org\eclipse\jetty\websocket\websocket-client\9.4.51.v20230217\websocket-client-9.4.51.v20230217.jar;C:\Users\Lenovo\.m2\repository\org\eclipse\jetty\jetty-client\9.4.51.v20230217\jetty-client-9.4.51.v20230217.jar;C:\Users\Lenovo\.m2\repository\org\eclipse\jetty\jetty-http\9.4.51.v20230217\jetty-http-9.4.51.v20230217.jar;C:\Users\Lenovo\.m2\repository\org\eclipse\jetty\jetty-util\9.4.51.v20230217\jetty-util-9.4.51.v20230217.jar;C:\Users\Lenovo\.m2\repository\org\eclipse\jetty\jetty-io\9.4.51.v20230217\jetty-io-9.4.51.v20230217.jar;C:\Users\Lenovo\.m2\repository\org\eclipse\jetty\websocket\websocket-common\9.4.51.v20230217\websocket-common-9.4.51.v20230217.jar;C:\Users\Lenovo\.m2\repository\org\eclipse\jetty\websocket\websocket-api\9.4.51.v20230217\websocket-api-9.4.51.v20230217.jar;C:\Users\Lenovo\.m2\repository\org\seleniumhq\selenium\htmlunit3-driver\4.10.0\htmlunit3-driver-4.10.0.jar;C:\Users\Lenovo\.m2\repository\io\appium\java-client\9.0.0\java-client-9.0.0.jar;C:\Users\Lenovo\.m2\repository\org\apache\groovy\groovy\4.0.13\groovy-4.0.13.jar;C:\Users\Lenovo\.m2\repository\net\sf\opencsv\opencsv\2.0\opencsv-2.0.jar;C:\Users\Lenovo\.m2\repository\org\fluentlenium\fluentlenium-core\0.10.2\fluentlenium-core-0.10.2.jar;C:\Users\Lenovo\.m2\repository\com\jhlabs\filters\2.0.235\filters-2.0.235.jar;C:\Users\Lenovo\.m2\repository\com\paulhammant\ngwebdriver\1.1.6\ngwebdriver-1.1.6.jar;C:\Users\Lenovo\.m2\repository\joda-time\joda-time\2.12.2\joda-time-2.12.2.jar;C:\Users\Lenovo\.m2\repository\org\hamcrest\hamcrest\2.2\hamcrest-2.2.jar;C:\Users\Lenovo\.m2\repository\com\google\jimfs\jimfs\1.3.0\jimfs-1.3.0.jar;C:\Users\Lenovo\.m2\repository\org\mockito\mockito-core\3.3.3\mockito-core-3.3.3.jar;C:\Users\Lenovo\.m2\repository\org\assertj\assertj-core\3.24.2\assertj-core-3.24.2.jar;C:\Users\Lenovo\.m2\repository\javax\xml\bind\jaxb-api\2.3.1\jaxb-api-2.3.1.jar;C:\Users\Lenovo\.m2\repository\javax\activation\javax.activation-api\1.2.0\javax.activation-api-1.2.0.jar;C:\Users\Lenovo\.m2\repository\com\sun\xml\bind\jaxb-core\2.3.0.1\jaxb-core-2.3.0.1.jar;C:\Users\Lenovo\.m2\repository\com\sun\xml\bind\jaxb-impl\2.3.3\jaxb-impl-2.3.3.jar;C:\Users\Lenovo\.m2\repository\com\sun\activation\jakarta.activation\1.2.2\jakarta.activation-1.2.2.jar;C:\Users\Lenovo\.m2\repository\javax\activation\activation\1.1.1\activation-1.1.1.jar;C:\Users\Lenovo\.m2\repository\net\serenity-bdd\serenity-junit\4.0.18\serenity-junit-4.0.18.jar;C:\Users\Lenovo\.m2\repository\jakarta\xml\bind\jakarta.xml.bind-api\4.0.0\jakarta.xml.bind-api-4.0.0.jar;C:\Users\Lenovo\.m2\repository\jakarta\activation\jakarta.activation-api\2.1.0\jakarta.activation-api-2.1.0.jar;C:\Users\Lenovo\.m2\repository\net\serenity-bdd\serenity-screenplay\4.0.18\serenity-screenplay-4.0.18.jar;C:\Users\Lenovo\.m2\repository\net\serenity-bdd\serenity-reports\4.0.18\serenity-reports-4.0.18.jar;C:\Users\Lenovo\.m2\repository\net\serenity-bdd\serenity-stats\4.0.18\serenity-stats-4.0.18.jar;C:\Users\Lenovo\.m2\repository\org\jetbrains\kotlin\kotlin-stdlib\1.9.0\kotlin-stdlib-1.9.0.jar;C:\Users\Lenovo\.m2\repository\org\jetbrains\kotlin\kotlin-stdlib-common\1.9.0\kotlin-stdlib-common-1.9.0.jar;C:\Users\Lenovo\.m2\repository\org\jetbrains\annotations\13.0\annotations-13.0.jar;C:\Users\Lenovo\.m2\repository\net\serenity-bdd\serenity-reports-configuration\4.0.18\serenity-reports-configuration-4.0.18.jar;C:\Users\Lenovo\.m2\repository\com\vladsch\flexmark\flexmark-all\0.64.8\flexmark-all-0.64.8.jar;C:\Users\Lenovo\.m2\repository\com\vladsch\flexmark\flexmark\0.64.8\flexmark-0.64.8.jar;C:\Users\Lenovo\.m2\repository\com\vladsch\flexmark\flexmark-ext-abbreviation\0.64.8\flexmark-ext-abbreviation-0.64.8.jar;C:\Users\Lenovo\.m2\repository\com\vladsch\flexmark\flexmark-ext-admonition\0.64.8\flexmark-ext-admonition-0.64.8.jar;C:\Users\Lenovo\.m2\repository\com\vladsch\flexmark\flexmark-ext-anchorlink\0.64.8\flexmark-ext-anchorlink-0.64.8.jar;C:\Users\Lenovo\.m2\repository\com\vladsch\flexmark\flexmark-ext-aside\0.64.8\flexmark-ext-aside-0.64.8.jar;C:\Users\Lenovo\.m2\repository\com\vladsch\flexmark\flexmark-ext-attributes\0.64.8\flexmark-ext-attributes-0.64.8.jar;C:\Users\Lenovo\.m2\repository\com\vladsch\flexmark\flexmark-ext-autolink\0.64.8\flexmark-ext-autolink-0.64.8.jar;C:\Users\Lenovo\.m2\repository\org\nibor\autolink\autolink\0.6.0\autolink-0.6.0.jar;C:\Users\Lenovo\.m2\repository\com\vladsch\flexmark\flexmark-ext-definition\0.64.8\flexmark-ext-definition-0.64.8.jar;C:\Users\Lenovo\.m2\repository\com\vladsch\flexmark\flexmark-ext-emoji\0.64.8\flexmark-ext-emoji-0.64.8.jar;C:\Users\Lenovo\.m2\repository\com\vladsch\flexmark\flexmark-ext-enumerated-reference\0.64.8\flexmark-ext-enumerated-reference-0.64.8.jar;C:\Users\Lenovo\.m2\repository\com\vladsch\flexmark\flexmark-ext-escaped-character\0.64.8\flexmark-ext-escaped-character-0.64.8.jar;C:\Users\Lenovo\.m2\repository\com\vladsch\flexmark\flexmark-ext-footnotes\0.64.8\flexmark-ext-footnotes-0.64.8.jar;C:\Users\Lenovo\.m2\repository\com\vladsch\flexmark\flexmark-ext-gfm-issues\0.64.8\flexmark-ext-gfm-issues-0.64.8.jar;C:\Users\Lenovo\.m2\repository\com\vladsch\flexmark\flexmark-ext-gfm-strikethrough\0.64.8\flexmark-ext-gfm-strikethrough-0.64.8.jar;C:\Users\Lenovo\.m2\repository\com\vladsch\flexmark\flexmark-ext-gfm-tasklist\0.64.8\flexmark-ext-gfm-tasklist-0.64.8.jar;C:\Users\Lenovo\.m2\repository\com\vladsch\flexmark\flexmark-ext-gfm-users\0.64.8\flexmark-ext-gfm-users-0.64.8.jar;C:\Users\Lenovo\.m2\repository\com\vladsch\flexmark\flexmark-ext-gitlab\0.64.8\flexmark-ext-gitlab-0.64.8.jar;C:\Users\Lenovo\.m2\repository\com\vladsch\flexmark\flexmark-ext-jekyll-front-matter\0.64.8\flexmark-ext-jekyll-front-matter-0.64.8.jar;C:\Users\Lenovo\.m2\repository\com\vladsch\flexmark\flexmark-ext-jekyll-tag\0.64.8\flexmark-ext-jekyll-tag-0.64.8.jar;C:\Users\Lenovo\.m2\repository\com\vladsch\flexmark\flexmark-ext-media-tags\0.64.8\flexmark-ext-media-tags-0.64.8.jar;C:\Users\Lenovo\.m2\repository\com\vladsch\flexmark\flexmark-ext-macros\0.64.8\flexmark-ext-macros-0.64.8.jar;C:\Users\Lenovo\.m2\repository\com\vladsch\flexmark\flexmark-ext-ins\0.64.8\flexmark-ext-ins-0.64.8.jar;C:\Users\Lenovo\.m2\repository\com\vladsch\flexmark\flexmark-ext-xwiki-macros\0.64.8\flexmark-ext-xwiki-macros-0.64.8.jar;C:\Users\Lenovo\.m2\repository\com\vladsch\flexmark\flexmark-ext-superscript\0.64.8\flexmark-ext-superscript-0.64.8.jar;C:\Users\Lenovo\.m2\repository\com\vladsch\flexmark\flexmark-ext-toc\0.64.8\flexmark-ext-toc-0.64.8.jar;C:\Users\Lenovo\.m2\repository\com\vladsch\flexmark\flexmark-ext-typographic\0.64.8\flexmark-ext-typographic-0.64.8.jar;C:\Users\Lenovo\.m2\repository\com\vladsch\flexmark\flexmark-ext-wikilink\0.64.8\flexmark-ext-wikilink-0.64.8.jar;C:\Users\Lenovo\.m2\repository\com\vladsch\flexmark\flexmark-ext-yaml-front-matter\0.64.8\flexmark-ext-yaml-front-matter-0.64.8.jar;C:\Users\Lenovo\.m2\repository\com\vladsch\flexmark\flexmark-ext-youtube-embedded\0.64.8\flexmark-ext-youtube-embedded-0.64.8.jar;C:\Users\Lenovo\.m2\repository\com\vladsch\flexmark\flexmark-html2md-converter\0.64.8\flexmark-html2md-converter-0.64.8.jar;C:\Users\Lenovo\.m2\repository\com\vladsch\flexmark\flexmark-jira-converter\0.64.8\flexmark-jira-converter-0.64.8.jar;C:\Users\Lenovo\.m2\repository\com\vladsch\flexmark\flexmark-pdf-converter\0.64.8\flexmark-pdf-converter-0.64.8.jar;C:\Users\Lenovo\.m2\repository\com\openhtmltopdf\openhtmltopdf-core\1.0.10\openhtmltopdf-core-1.0.10.jar;C:\Users\Lenovo\.m2\repository\com\openhtmltopdf\openhtmltopdf-pdfbox\1.0.10\openhtmltopdf-pdfbox-1.0.10.jar;C:\Users\Lenovo\.m2\repository\org\apache\pdfbox\xmpbox\2.0.24\xmpbox-2.0.24.jar;C:\Users\Lenovo\.m2\repository\com\openhtmltopdf\openhtmltopdf-rtl-support\1.0.10\openhtmltopdf-rtl-support-1.0.10.jar;C:\Users\Lenovo\.m2\repository\com\vladsch\flexmark\flexmark-profile-pegdown\0.64.8\flexmark-profile-pegdown-0.64.8.jar;C:\Users\Lenovo\.m2\repository\com\vladsch\flexmark\flexmark-util-ast\0.64.8\flexmark-util-ast-0.64.8.jar;C:\Users\Lenovo\.m2\repository\com\vladsch\flexmark\flexmark-util-builder\0.64.8\flexmark-util-builder-0.64.8.jar;C:\Users\Lenovo\.m2\repository\com\vladsch\flexmark\flexmark-util-collection\0.64.8\flexmark-util-collection-0.64.8.jar;C:\Users\Lenovo\.m2\repository\com\vladsch\flexmark\flexmark-util-data\0.64.8\flexmark-util-data-0.64.8.jar;C:\Users\Lenovo\.m2\repository\com\vladsch\flexmark\flexmark-util-dependency\0.64.8\flexmark-util-dependency-0.64.8.jar;C:\Users\Lenovo\.m2\repository\com\vladsch\flexmark\flexmark-util-format\0.64.8\flexmark-util-format-0.64.8.jar;C:\Users\Lenovo\.m2\repository\com\vladsch\flexmark\flexmark-util-html\0.64.8\flexmark-util-html-0.64.8.jar;C:\Users\Lenovo\.m2\repository\com\vladsch\flexmark\flexmark-util-misc\0.64.8\flexmark-util-misc-0.64.8.jar;C:\Users\Lenovo\.m2\repository\com\vladsch\flexmark\flexmark-util-options\0.64.8\flexmark-util-options-0.64.8.jar;C:\Users\Lenovo\.m2\repository\com\vladsch\flexmark\flexmark-util-sequence\0.64.8\flexmark-util-sequence-0.64.8.jar;C:\Users\Lenovo\.m2\repository\com\vladsch\flexmark\flexmark-util-visitor\0.64.8\flexmark-util-visitor-0.64.8.jar;C:\Users\Lenovo\.m2\repository\com\vladsch\flexmark\flexmark-youtrack-converter\0.64.8\flexmark-youtrack-converter-0.64.8.jar;C:\Users\Lenovo\.m2\repository\com\ibm\icu\icu4j\72.1\icu4j-72.1.jar;C:\Users\Lenovo\.m2\repository\es\nitaur\markdown\txtmark\0.16\txtmark-0.16.jar;C:\Users\Lenovo\.m2\repository\net\serenity-bdd\serenity-model\4.0.18\serenity-model-4.0.18.jar;C:\Users\Lenovo\.m2\repository\org\apache\commons\commons-text\1.10.0\commons-text-1.10.0.jar;C:\Users\Lenovo\.m2\repository\commons-net\commons-net\3.9.0\commons-net-3.9.0.jar;C:\Users\Lenovo\.m2\repository\com\google\guava\guava\32.1.2-jre\guava-32.1.2-jre.jar;C:\Users\Lenovo\.m2\repository\com\google\guava\failureaccess\1.0.1\failureaccess-1.0.1.jar;C:\Users\Lenovo\.m2\repository\com\google\guava\listenablefuture\9999.0-empty-to-avoid-conflict-with-guava\listenablefuture-9999.0-empty-to-avoid-conflict-with-guava.jar;C:\Users\Lenovo\.m2\repository\com\google\code\findbugs\jsr305\3.0.2\jsr305-3.0.2.jar;C:\Users\Lenovo\.m2\repository\org\checkerframework\checker-qual\3.33.0\checker-qual-3.33.0.jar;C:\Users\Lenovo\.m2\repository\com\google\errorprone\error_prone_annotations\2.18.0\error_prone_annotations-2.18.0.jar;C:\Users\Lenovo\.m2\repository\com\google\j2objc\j2objc-annotations\2.8\j2objc-annotations-2.8.jar;C:\Users\Lenovo\.m2\repository\com\thoughtworks\xstream\xstream\1.4.20\xstream-1.4.20.jar;C:\Users\Lenovo\.m2\repository\io\github\x-stream\mxparser\1.2.2\mxparser-1.2.2.jar;C:\Users\Lenovo\.m2\repository\xmlpull\xmlpull\1.1.3.1\xmlpull-1.1.3.1.jar;C:\Users\Lenovo\.m2\repository\com\typesafe\config\1.4.2\config-1.4.2.jar;C:\Users\Lenovo\.m2\repository\org\imgscalr\imgscalr-lib\4.2\imgscalr-lib-4.2.jar;C:\Users\Lenovo\.m2\repository\org\awaitility\awaitility\4.2.0\awaitility-4.2.0.jar;C:\Users\Lenovo\.m2\repository\io\github\classgraph\classgraph\4.8.157\classgraph-4.8.157.jar;C:\Users\Lenovo\.m2\repository\com\github\ben-manes\caffeine\caffeine\2.9.2\caffeine-2.9.2.jar;C:\Users\Lenovo\.m2\repository\org\ehcache\ehcache\3.10.8\ehcache-3.10.8.jar;C:\Users\Lenovo\.m2\repository\javax\cache\cache-api\1.1.0\cache-api-1.1.0.jar;C:\Users\Lenovo\.m2\repository\net\sourceforge\jexcelapi\jxl\2.6.12\jxl-2.6.12.jar;C:\Users\Lenovo\.m2\repository\net\bytebuddy\byte-buddy\1.14.7\byte-buddy-1.14.7.jar;C:\Users\Lenovo\.m2\repository\net\bytebuddy\byte-buddy-agent\1.14.7\byte-buddy-agent-1.14.7.jar;C:\Users\Lenovo\.m2\repository\org\objenesis\objenesis\3.3\objenesis-3.3.jar;C:\Users\Lenovo\.m2\repository\com\vladsch\flexmark\flexmark-ext-resizable-image\0.64.8\flexmark-ext-resizable-image-0.64.8.jar;C:\Users\Lenovo\.m2\repository\com\vladsch\flexmark\flexmark-ext-tables\0.64.8\flexmark-ext-tables-0.64.8.jar;C:\Users\Lenovo\.m2\repository\com\vladsch\flexmark\flexmark-util\0.64.8\flexmark-util-0.64.8.jar;"/>
    <property name="java.vm.vendor" value="Oracle Corporation"/>
    <property name="sun.arch.data.model" value="64"/>
    <property name="user.variant" value=""/>
    <property name="java.vendor.url" value="https://openjdk.java.net/"/>
    <property name="user.timezone" value="Asia/Calcutta"/>
    <property name="java.vm.specification.version" value="11"/>
    <property name="os.name" value="Windows 10"/>
    <property name="sun.java.launcher" value="SUN_STANDARD"/>
    <property name="user.country" value="IN"/>
    <property name="sun.boot.library.path" value="C:\Program Files\Java\jdk-11\bin"/>
    <property name="sun.java.command" value="C:\Users\Lenovo\AppData\Local\Temp\surefire17608668953414469044\surefirebooter1285843568023736348.jar C:\Users\Lenovo\AppData\Local\Temp\surefire17608668953414469044 2023-10-28T13-51-08_849-jvmRun1 surefire13659438827731480460tmp surefire_08105713134185541977tmp"/>
    <property name="jdk.debug" value="release"/>
    <property name="surefire.test.class.path" value="C:\Users\Lenovo\eclipse-workspace\CucumberBDDFrame_Junit\target\test-classes;C:\Users\Lenovo\eclipse-workspace\CucumberBDDFrame_Junit\target\CucumberBDDFrame_Junit-0.0.1-SNAPSHOT.jar;C:\Users\Lenovo\.m2\repository\io\cucumber\cucumber-java\6.9.0\cucumber-java-6.9.0.jar;C:\Users\Lenovo\.m2\repository\io\cucumber\cucumber-core\6.9.0\cucumber-core-6.9.0.jar;C:\Users\Lenovo\.m2\repository\io\cucumber\cucumber-gherkin\6.9.0\cucumber-gherkin-6.9.0.jar;C:\Users\Lenovo\.m2\repository\io\cucumber\cucumber-gherkin-messages\6.9.0\cucumber-gherkin-messages-6.9.0.jar;C:\Users\Lenovo\.m2\repository\io\cucumber\messages\13.2.0\messages-13.2.0.jar;C:\Users\Lenovo\.m2\repository\io\cucumber\tag-expressions\3.0.0\tag-expressions-3.0.0.jar;C:\Users\Lenovo\.m2\repository\io\cucumber\cucumber-expressions\10.3.0\cucumber-expressions-10.3.0.jar;C:\Users\Lenovo\.m2\repository\io\cucumber\datatable\3.5.0\datatable-3.5.0.jar;C:\Users\Lenovo\.m2\repository\io\cucumber\cucumber-plugin\6.9.0\cucumber-plugin-6.9.0.jar;C:\Users\Lenovo\.m2\repository\io\cucumber\docstring\6.9.0\docstring-6.9.0.jar;C:\Users\Lenovo\.m2\repository\io\cucumber\html-formatter\9.0.0\html-formatter-9.0.0.jar;C:\Users\Lenovo\.m2\repository\io\cucumber\create-meta\2.0.4\create-meta-2.0.4.jar;C:\Users\Lenovo\.m2\repository\org\apiguardian\apiguardian-api\1.1.0\apiguardian-api-1.1.0.jar;C:\Users\Lenovo\.m2\repository\io\cucumber\cucumber-junit\6.9.0\cucumber-junit-6.9.0.jar;C:\Users\Lenovo\.m2\repository\junit\junit\4.13.1\junit-4.13.1.jar;C:\Users\Lenovo\.m2\repository\org\hamcrest\hamcrest-core\1.3\hamcrest-core-1.3.jar;C:\Users\Lenovo\.m2\repository\org\seleniumhq\selenium\selenium-java\4.13.0\selenium-java-4.13.0.jar;C:\Users\Lenovo\.m2\repository\org\seleniumhq\selenium\selenium-api\4.13.0\selenium-api-4.13.0.jar;C:\Users\Lenovo\.m2\repository\org\seleniumhq\selenium\selenium-chrome-driver\4.13.0\selenium-chrome-driver-4.13.0.jar;C:\Users\Lenovo\.m2\repository\com\google\auto\service\auto-service-annotations\1.1.1\auto-service-annotations-1.1.1.jar;C:\Users\Lenovo\.m2\repository\org\seleniumhq\selenium\selenium-chromium-driver\4.13.0\selenium-chromium-driver-4.13.0.jar;C:\Users\Lenovo\.m2\repository\org\seleniumhq\selenium\selenium-json\4.13.0\selenium-json-4.13.0.jar;C:\Users\Lenovo\.m2\repository\org\seleniumhq\selenium\selenium-manager\4.13.0\selenium-manager-4.13.0.jar;C:\Users\Lenovo\.m2\repository\org\seleniumhq\selenium\selenium-devtools-v115\4.13.0\selenium-devtools-v115-4.13.0.jar;C:\Users\Lenovo\.m2\repository\org\seleniumhq\selenium\selenium-devtools-v116\4.13.0\selenium-devtools-v116-4.13.0.jar;C:\Users\Lenovo\.m2\repository\org\seleniumhq\selenium\selenium-devtools-v117\4.13.0\selenium-devtools-v117-4.13.0.jar;C:\Users\Lenovo\.m2\repository\org\seleniumhq\selenium\selenium-devtools-v85\4.13.0\selenium-devtools-v85-4.13.0.jar;C:\Users\Lenovo\.m2\repository\org\seleniumhq\selenium\selenium-edge-driver\4.13.0\selenium-edge-driver-4.13.0.jar;C:\Users\Lenovo\.m2\repository\org\seleniumhq\selenium\selenium-firefox-driver\4.13.0\selenium-firefox-driver-4.13.0.jar;C:\Users\Lenovo\.m2\repository\org\seleniumhq\selenium\selenium-http\4.13.0\selenium-http-4.13.0.jar;C:\Users\Lenovo\.m2\repository\dev\failsafe\failsafe\3.3.2\failsafe-3.3.2.jar;C:\Users\Lenovo\.m2\repository\org\seleniumhq\selenium\selenium-ie-driver\4.13.0\selenium-ie-driver-4.13.0.jar;C:\Users\Lenovo\.m2\repository\org\seleniumhq\selenium\selenium-remote-driver\4.13.0\selenium-remote-driver-4.13.0.jar;C:\Users\Lenovo\.m2\repository\io\netty\netty-buffer\4.1.96.Final\netty-buffer-4.1.96.Final.jar;C:\Users\Lenovo\.m2\repository\io\netty\netty-codec-http\4.1.96.Final\netty-codec-http-4.1.96.Final.jar;C:\Users\Lenovo\.m2\repository\io\netty\netty-codec\4.1.96.Final\netty-codec-4.1.96.Final.jar;C:\Users\Lenovo\.m2\repository\io\netty\netty-handler\4.1.96.Final\netty-handler-4.1.96.Final.jar;C:\Users\Lenovo\.m2\repository\io\netty\netty-common\4.1.96.Final\netty-common-4.1.96.Final.jar;C:\Users\Lenovo\.m2\repository\io\netty\netty-transport-classes-epoll\4.1.96.Final\netty-transport-classes-epoll-4.1.96.Final.jar;C:\Users\Lenovo\.m2\repository\io\netty\netty-transport-classes-kqueue\4.1.96.Final\netty-transport-classes-kqueue-4.1.96.Final.jar;C:\Users\Lenovo\.m2\repository\io\netty\netty-transport-native-epoll\4.1.96.Final\netty-transport-native-epoll-4.1.96.Final.jar;C:\Users\Lenovo\.m2\repository\io\netty\netty-transport-native-kqueue\4.1.96.Final\netty-transport-native-kqueue-4.1.96.Final.jar;C:\Users\Lenovo\.m2\repository\io\netty\netty-transport-native-unix-common\4.1.96.Final\netty-transport-native-unix-common-4.1.96.Final.jar;C:\Users\Lenovo\.m2\repository\io\netty\netty-transport\4.1.96.Final\netty-transport-4.1.96.Final.jar;C:\Users\Lenovo\.m2\repository\io\netty\netty-resolver\4.1.96.Final\netty-resolver-4.1.96.Final.jar;C:\Users\Lenovo\.m2\repository\io\opentelemetry\opentelemetry-api\1.28.0\opentelemetry-api-1.28.0.jar;C:\Users\Lenovo\.m2\repository\io\opentelemetry\opentelemetry-context\1.28.0\opentelemetry-context-1.28.0.jar;C:\Users\Lenovo\.m2\repository\io\opentelemetry\opentelemetry-exporter-logging\1.28.0\opentelemetry-exporter-logging-1.28.0.jar;C:\Users\Lenovo\.m2\repository\io\opentelemetry\opentelemetry-sdk-metrics\1.28.0\opentelemetry-sdk-metrics-1.28.0.jar;C:\Users\Lenovo\.m2\repository\io\opentelemetry\opentelemetry-extension-incubator\1.28.0-alpha\opentelemetry-extension-incubator-1.28.0-alpha.jar;C:\Users\Lenovo\.m2\repository\io\opentelemetry\opentelemetry-sdk-logs\1.28.0\opentelemetry-sdk-logs-1.28.0.jar;C:\Users\Lenovo\.m2\repository\io\opentelemetry\opentelemetry-sdk-common\1.28.0\opentelemetry-sdk-common-1.28.0.jar;C:\Users\Lenovo\.m2\repository\io\opentelemetry\opentelemetry-sdk-extension-autoconfigure-spi\1.28.0\opentelemetry-sdk-extension-autoconfigure-spi-1.28.0.jar;C:\Users\Lenovo\.m2\repository\io\opentelemetry\opentelemetry-sdk-extension-autoconfigure\1.28.0\opentelemetry-sdk-extension-autoconfigure-1.28.0.jar;C:\Users\Lenovo\.m2\repository\io\opentelemetry\opentelemetry-api-events\1.28.0-alpha\opentelemetry-api-events-1.28.0-alpha.jar;C:\Users\Lenovo\.m2\repository\io\opentelemetry\opentelemetry-sdk-trace\1.28.0\opentelemetry-sdk-trace-1.28.0.jar;C:\Users\Lenovo\.m2\repository\io\opentelemetry\opentelemetry-sdk\1.28.0\opentelemetry-sdk-1.28.0.jar;C:\Users\Lenovo\.m2\repository\io\opentelemetry\opentelemetry-semconv\1.28.0-alpha\opentelemetry-semconv-1.28.0-alpha.jar;C:\Users\Lenovo\.m2\repository\org\asynchttpclient\async-http-client\2.12.3\async-http-client-2.12.3.jar;C:\Users\Lenovo\.m2\repository\org\asynchttpclient\async-http-client-netty-utils\2.12.3\async-http-client-netty-utils-2.12.3.jar;C:\Users\Lenovo\.m2\repository\io\netty\netty-codec-socks\4.1.60.Final\netty-codec-socks-4.1.60.Final.jar;C:\Users\Lenovo\.m2\repository\io\netty\netty-handler-proxy\4.1.60.Final\netty-handler-proxy-4.1.60.Final.jar;C:\Users\Lenovo\.m2\repository\io\netty\netty-transport-native-epoll\4.1.60.Final\netty-transport-native-epoll-4.1.60.Final-linux-x86_64.jar;C:\Users\Lenovo\.m2\repository\io\netty\netty-transport-native-kqueue\4.1.60.Final\netty-transport-native-kqueue-4.1.60.Final-osx-x86_64.jar;C:\Users\Lenovo\.m2\repository\com\typesafe\netty\netty-reactive-streams\2.0.4\netty-reactive-streams-2.0.4.jar;C:\Users\Lenovo\.m2\repository\org\seleniumhq\selenium\selenium-os\4.13.0\selenium-os-4.13.0.jar;C:\Users\Lenovo\.m2\repository\org\apache\commons\commons-exec\1.3\commons-exec-1.3.jar;C:\Users\Lenovo\.m2\repository\org\seleniumhq\selenium\selenium-safari-driver\4.13.0\selenium-safari-driver-4.13.0.jar;C:\Users\Lenovo\.m2\repository\org\seleniumhq\selenium\selenium-support\4.13.0\selenium-support-4.13.0.jar;C:\Users\Lenovo\.m2\repository\org\slf4j\slf4j-simple\2.0.7\slf4j-simple-2.0.7.jar;C:\Users\Lenovo\.m2\repository\org\slf4j\slf4j-api\2.0.7\slf4j-api-2.0.7.jar;C:\Users\Lenovo\.m2\repository\io\github\bonigarcia\webdrivermanager\4.2.2\webdrivermanager-4.2.2.jar;C:\Users\Lenovo\.m2\repository\commons-io\commons-io\2.8.0\commons-io-2.8.0.jar;C:\Users\Lenovo\.m2\repository\com\google\code\gson\gson\2.8.6\gson-2.8.6.jar;C:\Users\Lenovo\.m2\repository\org\apache\commons\commons-lang3\3.11\commons-lang3-3.11.jar;C:\Users\Lenovo\.m2\repository\org\apache\httpcomponents\client5\httpclient5\5.0.1\httpclient5-5.0.1.jar;C:\Users\Lenovo\.m2\repository\org\apache\httpcomponents\core5\httpcore5\5.0.1\httpcore5-5.0.1.jar;C:\Users\Lenovo\.m2\repository\org\apache\httpcomponents\core5\httpcore5-h2\5.0.1\httpcore5-h2-5.0.1.jar;C:\Users\Lenovo\.m2\repository\org\rauschig\jarchivelib\1.1.0\jarchivelib-1.1.0.jar;C:\Users\Lenovo\.m2\repository\org\jsoup\jsoup\1.13.1\jsoup-1.13.1.jar;C:\Users\Lenovo\.m2\repository\tech\grasshopper\extentreports-cucumber6-adapter\2.16.0\extentreports-cucumber6-adapter-2.16.0.jar;C:\Users\Lenovo\.m2\repository\tech\grasshopper\extent-pdf-report\2.9.1\extent-pdf-report-2.9.1.jar;C:\Users\Lenovo\.m2\repository\tech\grasshopper\cucumber-pdf-report\2.11.1\cucumber-pdf-report-2.11.1.jar;C:\Users\Lenovo\.m2\repository\org\apache\pdfbox\pdfbox\2.0.26\pdfbox-2.0.26.jar;C:\Users\Lenovo\.m2\repository\org\apache\pdfbox\fontbox\2.0.26\fontbox-2.0.26.jar;C:\Users\Lenovo\.m2\repository\org\knowm\xchart\xchart\3.8.0\xchart-3.8.0.jar;C:\Users\Lenovo\.m2\repository\de\erichseifert\vectorgraphics2d\VectorGraphics2D\0.13\VectorGraphics2D-0.13.jar;C:\Users\Lenovo\.m2\repository\de\rototor\pdfbox\graphics2d\0.30\graphics2d-0.30.jar;C:\Users\Lenovo\.m2\repository\com\madgag\animated-gif-lib\1.4\animated-gif-lib-1.4.jar;C:\Users\Lenovo\.m2\repository\org\yaml\snakeyaml\1.28\snakeyaml-1.28.jar;C:\Users\Lenovo\.m2\repository\tech\grasshopper\table-layout\1.5.1\table-layout-1.5.1.jar;C:\Users\Lenovo\.m2\repository\tech\grasshopper\rest-assured-cucumber-pdf-report\1.4.1\rest-assured-cucumber-pdf-report-1.4.1.jar;C:\Users\Lenovo\.m2\repository\com\aventstack\klov-reporter\5.0.9\klov-reporter-5.0.9.jar;C:\Users\Lenovo\.m2\repository\org\mongodb\bson\3.6.4\bson-3.6.4.jar;C:\Users\Lenovo\.m2\repository\org\apache\httpcomponents\httpmime\4.5.13\httpmime-4.5.13.jar;C:\Users\Lenovo\.m2\repository\tech\grasshopper\htmlextentreporter\1.0.1\htmlextentreporter-1.0.1.jar;C:\Users\Lenovo\.m2\repository\tech\grasshopper\extent-excel-report\1.3.0\extent-excel-report-1.3.0.jar;C:\Users\Lenovo\.m2\repository\org\mongodb\mongodb-driver\3.3.0\mongodb-driver-3.3.0.jar;C:\Users\Lenovo\.m2\repository\org\mongodb\mongodb-driver-core\3.3.0\mongodb-driver-core-3.3.0.jar;C:\Users\Lenovo\.m2\repository\com\aventstack\extentreports\5.0.4\extentreports-5.0.4.jar;C:\Users\Lenovo\.m2\repository\io\reactivex\rxjava3\rxjava\3.0.4\rxjava-3.0.4.jar;C:\Users\Lenovo\.m2\repository\org\reactivestreams\reactive-streams\1.0.3\reactive-streams-1.0.3.jar;C:\Users\Lenovo\.m2\repository\org\freemarker\freemarker\2.3.30\freemarker-2.3.30.jar;C:\Users\Lenovo\.m2\repository\org\projectlombok\lombok\1.18.12\lombok-1.18.12.jar;C:\Users\Lenovo\.m2\repository\org\testng\testng\6.14.3\testng-6.14.3.jar;C:\Users\Lenovo\.m2\repository\com\beust\jcommander\1.72\jcommander-1.72.jar;C:\Users\Lenovo\.m2\repository\org\apache-extras\beanshell\bsh\2.0b6\bsh-2.0b6.jar;C:\Users\Lenovo\.m2\repository\io\cucumber\cucumber-testng\6.9.0\cucumber-testng-6.9.0.jar;C:\Users\Lenovo\.m2\repository\org\apache\poi\poi\4.1.2\poi-4.1.2.jar;C:\Users\Lenovo\.m2\repository\commons-codec\commons-codec\1.13\commons-codec-1.13.jar;C:\Users\Lenovo\.m2\repository\org\apache\commons\commons-collections4\4.4\commons-collections4-4.4.jar;C:\Users\Lenovo\.m2\repository\org\apache\commons\commons-math3\3.6.1\commons-math3-3.6.1.jar;C:\Users\Lenovo\.m2\repository\com\zaxxer\SparseBitSet\1.2\SparseBitSet-1.2.jar;C:\Users\Lenovo\.m2\repository\org\apache\poi\poi-ooxml\4.1.2\poi-ooxml-4.1.2.jar;C:\Users\Lenovo\.m2\repository\org\apache\poi\poi-ooxml-schemas\4.1.2\poi-ooxml-schemas-4.1.2.jar;C:\Users\Lenovo\.m2\repository\org\apache\xmlbeans\xmlbeans\3.1.0\xmlbeans-3.1.0.jar;C:\Users\Lenovo\.m2\repository\org\apache\commons\commons-compress\1.19\commons-compress-1.19.jar;C:\Users\Lenovo\.m2\repository\com\github\virtuald\curvesapi\1.06\curvesapi-1.06.jar;C:\Users\Lenovo\.m2\repository\net\serenity-bdd\serenity-core\4.0.18\serenity-core-4.0.18.jar;C:\Users\Lenovo\.m2\repository\net\serenity-bdd\serenity-report-resources\4.0.18\serenity-report-resources-4.0.18.jar;C:\Users\Lenovo\.m2\repository\com\fasterxml\jackson\core\jackson-core\2.15.2\jackson-core-2.15.2.jar;C:\Users\Lenovo\.m2\repository\com\fasterxml\jackson\core\jackson-databind\2.15.2\jackson-databind-2.15.2.jar;C:\Users\Lenovo\.m2\repository\com\fasterxml\jackson\core\jackson-annotations\2.15.2\jackson-annotations-2.15.2.jar;C:\Users\Lenovo\.m2\repository\org\apache\httpcomponents\httpclient\4.5.13\httpclient-4.5.13.jar;C:\Users\Lenovo\.m2\repository\org\apache\httpcomponents\httpcore\4.4.13\httpcore-4.4.13.jar;C:\Users\Lenovo\.m2\repository\commons-logging\commons-logging\1.2\commons-logging-1.2.jar;C:\Users\Lenovo\.m2\repository\org\htmlunit\htmlunit\3.4.0\htmlunit-3.4.0.jar;C:\Users\Lenovo\.m2\repository\org\htmlunit\htmlunit-core-js\3.4.0\htmlunit-core-js-3.4.0.jar;C:\Users\Lenovo\.m2\repository\org\htmlunit\neko-htmlunit\3.4.0\neko-htmlunit-3.4.0.jar;C:\Users\Lenovo\.m2\repository\org\htmlunit\htmlunit-cssparser\3.4.0\htmlunit-cssparser-3.4.0.jar;C:\Users\Lenovo\.m2\repository\org\htmlunit\htmlunit-xpath\3.4.0\htmlunit-xpath-3.4.0.jar;C:\Users\Lenovo\.m2\repository\org\brotli\dec\0.1.2\dec-0.1.2.jar;C:\Users\Lenovo\.m2\repository\com\shapesecurity\salvation2\3.0.1\salvation2-3.0.1.jar;C:\Users\Lenovo\.m2\repository\org\eclipse\jetty\websocket\websocket-client\9.4.51.v20230217\websocket-client-9.4.51.v20230217.jar;C:\Users\Lenovo\.m2\repository\org\eclipse\jetty\jetty-client\9.4.51.v20230217\jetty-client-9.4.51.v20230217.jar;C:\Users\Lenovo\.m2\repository\org\eclipse\jetty\jetty-http\9.4.51.v20230217\jetty-http-9.4.51.v20230217.jar;C:\Users\Lenovo\.m2\repository\org\eclipse\jetty\jetty-util\9.4.51.v20230217\jetty-util-9.4.51.v20230217.jar;C:\Users\Lenovo\.m2\repository\org\eclipse\jetty\jetty-io\9.4.51.v20230217\jetty-io-9.4.51.v20230217.jar;C:\Users\Lenovo\.m2\repository\org\eclipse\jetty\websocket\websocket-common\9.4.51.v20230217\websocket-common-9.4.51.v20230217.jar;C:\Users\Lenovo\.m2\repository\org\eclipse\jetty\websocket\websocket-api\9.4.51.v20230217\websocket-api-9.4.51.v20230217.jar;C:\Users\Lenovo\.m2\repository\org\seleniumhq\selenium\htmlunit3-driver\4.10.0\htmlunit3-driver-4.10.0.jar;C:\Users\Lenovo\.m2\repository\io\appium\java-client\9.0.0\java-client-9.0.0.jar;C:\Users\Lenovo\.m2\repository\org\apache\groovy\groovy\4.0.13\groovy-4.0.13.jar;C:\Users\Lenovo\.m2\repository\net\sf\opencsv\opencsv\2.0\opencsv-2.0.jar;C:\Users\Lenovo\.m2\repository\org\fluentlenium\fluentlenium-core\0.10.2\fluentlenium-core-0.10.2.jar;C:\Users\Lenovo\.m2\repository\com\jhlabs\filters\2.0.235\filters-2.0.235.jar;C:\Users\Lenovo\.m2\repository\com\paulhammant\ngwebdriver\1.1.6\ngwebdriver-1.1.6.jar;C:\Users\Lenovo\.m2\repository\joda-time\joda-time\2.12.2\joda-time-2.12.2.jar;C:\Users\Lenovo\.m2\repository\org\hamcrest\hamcrest\2.2\hamcrest-2.2.jar;C:\Users\Lenovo\.m2\repository\com\google\jimfs\jimfs\1.3.0\jimfs-1.3.0.jar;C:\Users\Lenovo\.m2\repository\org\mockito\mockito-core\3.3.3\mockito-core-3.3.3.jar;C:\Users\Lenovo\.m2\repository\org\assertj\assertj-core\3.24.2\assertj-core-3.24.2.jar;C:\Users\Lenovo\.m2\repository\javax\xml\bind\jaxb-api\2.3.1\jaxb-api-2.3.1.jar;C:\Users\Lenovo\.m2\repository\javax\activation\javax.activation-api\1.2.0\javax.activation-api-1.2.0.jar;C:\Users\Lenovo\.m2\repository\com\sun\xml\bind\jaxb-core\2.3.0.1\jaxb-core-2.3.0.1.jar;C:\Users\Lenovo\.m2\repository\com\sun\xml\bind\jaxb-impl\2.3.3\jaxb-impl-2.3.3.jar;C:\Users\Lenovo\.m2\repository\com\sun\activation\jakarta.activation\1.2.2\jakarta.activation-1.2.2.jar;C:\Users\Lenovo\.m2\repository\javax\activation\activation\1.1.1\activation-1.1.1.jar;C:\Users\Lenovo\.m2\repository\net\serenity-bdd\serenity-junit\4.0.18\serenity-junit-4.0.18.jar;C:\Users\Lenovo\.m2\repository\jakarta\xml\bind\jakarta.xml.bind-api\4.0.0\jakarta.xml.bind-api-4.0.0.jar;C:\Users\Lenovo\.m2\repository\jakarta\activation\jakarta.activation-api\2.1.0\jakarta.activation-api-2.1.0.jar;C:\Users\Lenovo\.m2\repository\net\serenity-bdd\serenity-screenplay\4.0.18\serenity-screenplay-4.0.18.jar;C:\Users\Lenovo\.m2\repository\net\serenity-bdd\serenity-reports\4.0.18\serenity-reports-4.0.18.jar;C:\Users\Lenovo\.m2\repository\net\serenity-bdd\serenity-stats\4.0.18\serenity-stats-4.0.18.jar;C:\Users\Lenovo\.m2\repository\org\jetbrains\kotlin\kotlin-stdlib\1.9.0\kotlin-stdlib-1.9.0.jar;C:\Users\Lenovo\.m2\repository\org\jetbrains\kotlin\kotlin-stdlib-common\1.9.0\kotlin-stdlib-common-1.9.0.jar;C:\Users\Lenovo\.m2\repository\org\jetbrains\annotations\13.0\annotations-13.0.jar;C:\Users\Lenovo\.m2\repository\net\serenity-bdd\serenity-reports-configuration\4.0.18\serenity-reports-configuration-4.0.18.jar;C:\Users\Lenovo\.m2\repository\com\vladsch\flexmark\flexmark-all\0.64.8\flexmark-all-0.64.8.jar;C:\Users\Lenovo\.m2\repository\com\vladsch\flexmark\flexmark\0.64.8\flexmark-0.64.8.jar;C:\Users\Lenovo\.m2\repository\com\vladsch\flexmark\flexmark-ext-abbreviation\0.64.8\flexmark-ext-abbreviation-0.64.8.jar;C:\Users\Lenovo\.m2\repository\com\vladsch\flexmark\flexmark-ext-admonition\0.64.8\flexmark-ext-admonition-0.64.8.jar;C:\Users\Lenovo\.m2\repository\com\vladsch\flexmark\flexmark-ext-anchorlink\0.64.8\flexmark-ext-anchorlink-0.64.8.jar;C:\Users\Lenovo\.m2\repository\com\vladsch\flexmark\flexmark-ext-aside\0.64.8\flexmark-ext-aside-0.64.8.jar;C:\Users\Lenovo\.m2\repository\com\vladsch\flexmark\flexmark-ext-attributes\0.64.8\flexmark-ext-attributes-0.64.8.jar;C:\Users\Lenovo\.m2\repository\com\vladsch\flexmark\flexmark-ext-autolink\0.64.8\flexmark-ext-autolink-0.64.8.jar;C:\Users\Lenovo\.m2\repository\org\nibor\autolink\autolink\0.6.0\autolink-0.6.0.jar;C:\Users\Lenovo\.m2\repository\com\vladsch\flexmark\flexmark-ext-definition\0.64.8\flexmark-ext-definition-0.64.8.jar;C:\Users\Lenovo\.m2\repository\com\vladsch\flexmark\flexmark-ext-emoji\0.64.8\flexmark-ext-emoji-0.64.8.jar;C:\Users\Lenovo\.m2\repository\com\vladsch\flexmark\flexmark-ext-enumerated-reference\0.64.8\flexmark-ext-enumerated-reference-0.64.8.jar;C:\Users\Lenovo\.m2\repository\com\vladsch\flexmark\flexmark-ext-escaped-character\0.64.8\flexmark-ext-escaped-character-0.64.8.jar;C:\Users\Lenovo\.m2\repository\com\vladsch\flexmark\flexmark-ext-footnotes\0.64.8\flexmark-ext-footnotes-0.64.8.jar;C:\Users\Lenovo\.m2\repository\com\vladsch\flexmark\flexmark-ext-gfm-issues\0.64.8\flexmark-ext-gfm-issues-0.64.8.jar;C:\Users\Lenovo\.m2\repository\com\vladsch\flexmark\flexmark-ext-gfm-strikethrough\0.64.8\flexmark-ext-gfm-strikethrough-0.64.8.jar;C:\Users\Lenovo\.m2\repository\com\vladsch\flexmark\flexmark-ext-gfm-tasklist\0.64.8\flexmark-ext-gfm-tasklist-0.64.8.jar;C:\Users\Lenovo\.m2\repository\com\vladsch\flexmark\flexmark-ext-gfm-users\0.64.8\flexmark-ext-gfm-users-0.64.8.jar;C:\Users\Lenovo\.m2\repository\com\vladsch\flexmark\flexmark-ext-gitlab\0.64.8\flexmark-ext-gitlab-0.64.8.jar;C:\Users\Lenovo\.m2\repository\com\vladsch\flexmark\flexmark-ext-jekyll-front-matter\0.64.8\flexmark-ext-jekyll-front-matter-0.64.8.jar;C:\Users\Lenovo\.m2\repository\com\vladsch\flexmark\flexmark-ext-jekyll-tag\0.64.8\flexmark-ext-jekyll-tag-0.64.8.jar;C:\Users\Lenovo\.m2\repository\com\vladsch\flexmark\flexmark-ext-media-tags\0.64.8\flexmark-ext-media-tags-0.64.8.jar;C:\Users\Lenovo\.m2\repository\com\vladsch\flexmark\flexmark-ext-macros\0.64.8\flexmark-ext-macros-0.64.8.jar;C:\Users\Lenovo\.m2\repository\com\vladsch\flexmark\flexmark-ext-ins\0.64.8\flexmark-ext-ins-0.64.8.jar;C:\Users\Lenovo\.m2\repository\com\vladsch\flexmark\flexmark-ext-xwiki-macros\0.64.8\flexmark-ext-xwiki-macros-0.64.8.jar;C:\Users\Lenovo\.m2\repository\com\vladsch\flexmark\flexmark-ext-superscript\0.64.8\flexmark-ext-superscript-0.64.8.jar;C:\Users\Lenovo\.m2\repository\com\vladsch\flexmark\flexmark-ext-toc\0.64.8\flexmark-ext-toc-0.64.8.jar;C:\Users\Lenovo\.m2\repository\com\vladsch\flexmark\flexmark-ext-typographic\0.64.8\flexmark-ext-typographic-0.64.8.jar;C:\Users\Lenovo\.m2\repository\com\vladsch\flexmark\flexmark-ext-wikilink\0.64.8\flexmark-ext-wikilink-0.64.8.jar;C:\Users\Lenovo\.m2\repository\com\vladsch\flexmark\flexmark-ext-yaml-front-matter\0.64.8\flexmark-ext-yaml-front-matter-0.64.8.jar;C:\Users\Lenovo\.m2\repository\com\vladsch\flexmark\flexmark-ext-youtube-embedded\0.64.8\flexmark-ext-youtube-embedded-0.64.8.jar;C:\Users\Lenovo\.m2\repository\com\vladsch\flexmark\flexmark-html2md-converter\0.64.8\flexmark-html2md-converter-0.64.8.jar;C:\Users\Lenovo\.m2\repository\com\vladsch\flexmark\flexmark-jira-converter\0.64.8\flexmark-jira-converter-0.64.8.jar;C:\Users\Lenovo\.m2\repository\com\vladsch\flexmark\flexmark-pdf-converter\0.64.8\flexmark-pdf-converter-0.64.8.jar;C:\Users\Lenovo\.m2\repository\com\openhtmltopdf\openhtmltopdf-core\1.0.10\openhtmltopdf-core-1.0.10.jar;C:\Users\Lenovo\.m2\repository\com\openhtmltopdf\openhtmltopdf-pdfbox\1.0.10\openhtmltopdf-pdfbox-1.0.10.jar;C:\Users\Lenovo\.m2\repository\org\apache\pdfbox\xmpbox\2.0.24\xmpbox-2.0.24.jar;C:\Users\Lenovo\.m2\repository\com\openhtmltopdf\openhtmltopdf-rtl-support\1.0.10\openhtmltopdf-rtl-support-1.0.10.jar;C:\Users\Lenovo\.m2\repository\com\vladsch\flexmark\flexmark-profile-pegdown\0.64.8\flexmark-profile-pegdown-0.64.8.jar;C:\Users\Lenovo\.m2\repository\com\vladsch\flexmark\flexmark-util-ast\0.64.8\flexmark-util-ast-0.64.8.jar;C:\Users\Lenovo\.m2\repository\com\vladsch\flexmark\flexmark-util-builder\0.64.8\flexmark-util-builder-0.64.8.jar;C:\Users\Lenovo\.m2\repository\com\vladsch\flexmark\flexmark-util-collection\0.64.8\flexmark-util-collection-0.64.8.jar;C:\Users\Lenovo\.m2\repository\com\vladsch\flexmark\flexmark-util-data\0.64.8\flexmark-util-data-0.64.8.jar;C:\Users\Lenovo\.m2\repository\com\vladsch\flexmark\flexmark-util-dependency\0.64.8\flexmark-util-dependency-0.64.8.jar;C:\Users\Lenovo\.m2\repository\com\vladsch\flexmark\flexmark-util-format\0.64.8\flexmark-util-format-0.64.8.jar;C:\Users\Lenovo\.m2\repository\com\vladsch\flexmark\flexmark-util-html\0.64.8\flexmark-util-html-0.64.8.jar;C:\Users\Lenovo\.m2\repository\com\vladsch\flexmark\flexmark-util-misc\0.64.8\flexmark-util-misc-0.64.8.jar;C:\Users\Lenovo\.m2\repository\com\vladsch\flexmark\flexmark-util-options\0.64.8\flexmark-util-options-0.64.8.jar;C:\Users\Lenovo\.m2\repository\com\vladsch\flexmark\flexmark-util-sequence\0.64.8\flexmark-util-sequence-0.64.8.jar;C:\Users\Lenovo\.m2\repository\com\vladsch\flexmark\flexmark-util-visitor\0.64.8\flexmark-util-visitor-0.64.8.jar;C:\Users\Lenovo\.m2\repository\com\vladsch\flexmark\flexmark-youtrack-converter\0.64.8\flexmark-youtrack-converter-0.64.8.jar;C:\Users\Lenovo\.m2\repository\com\ibm\icu\icu4j\72.1\icu4j-72.1.jar;C:\Users\Lenovo\.m2\repository\es\nitaur\markdown\txtmark\0.16\txtmark-0.16.jar;C:\Users\Lenovo\.m2\repository\net\serenity-bdd\serenity-model\4.0.18\serenity-model-4.0.18.jar;C:\Users\Lenovo\.m2\repository\org\apache\commons\commons-text\1.10.0\commons-text-1.10.0.jar;C:\Users\Lenovo\.m2\repository\commons-net\commons-net\3.9.0\commons-net-3.9.0.jar;C:\Users\Lenovo\.m2\repository\com\google\guava\guava\32.1.2-jre\guava-32.1.2-jre.jar;C:\Users\Lenovo\.m2\repository\com\google\guava\failureaccess\1.0.1\failureaccess-1.0.1.jar;C:\Users\Lenovo\.m2\repository\com\google\guava\listenablefuture\9999.0-empty-to-avoid-conflict-with-guava\listenablefuture-9999.0-empty-to-avoid-conflict-with-guava.jar;C:\Users\Lenovo\.m2\repository\com\google\code\findbugs\jsr305\3.0.2\jsr305-3.0.2.jar;C:\Users\Lenovo\.m2\repository\org\checkerframework\checker-qual\3.33.0\checker-qual-3.33.0.jar;C:\Users\Lenovo\.m2\repository\com\google\errorprone\error_prone_annotations\2.18.0\error_prone_annotations-2.18.0.jar;C:\Users\Lenovo\.m2\repository\com\google\j2objc\j2objc-annotations\2.8\j2objc-annotations-2.8.jar;C:\Users\Lenovo\.m2\repository\com\thoughtworks\xstream\xstream\1.4.20\xstream-1.4.20.jar;C:\Users\Lenovo\.m2\repository\io\github\x-stream\mxparser\1.2.2\mxparser-1.2.2.jar;C:\Users\Lenovo\.m2\repository\xmlpull\xmlpull\1.1.3.1\xmlpull-1.1.3.1.jar;C:\Users\Lenovo\.m2\repository\com\typesafe\config\1.4.2\config-1.4.2.jar;C:\Users\Lenovo\.m2\repository\org\imgscalr\imgscalr-lib\4.2\imgscalr-lib-4.2.jar;C:\Users\Lenovo\.m2\repository\org\awaitility\awaitility\4.2.0\awaitility-4.2.0.jar;C:\Users\Lenovo\.m2\repository\io\github\classgraph\classgraph\4.8.157\classgraph-4.8.157.jar;C:\Users\Lenovo\.m2\repository\com\github\ben-manes\caffeine\caffeine\2.9.2\caffeine-2.9.2.jar;C:\Users\Lenovo\.m2\repository\org\ehcache\ehcache\3.10.8\ehcache-3.10.8.jar;C:\Users\Lenovo\.m2\repository\javax\cache\cache-api\1.1.0\cache-api-1.1.0.jar;C:\Users\Lenovo\.m2\repository\net\sourceforge\jexcelapi\jxl\2.6.12\jxl-2.6.12.jar;C:\Users\Lenovo\.m2\repository\net\bytebuddy\byte-buddy\1.14.7\byte-buddy-1.14.7.jar;C:\Users\Lenovo\.m2\repository\net\bytebuddy\byte-buddy-agent\1.14.7\byte-buddy-agent-1.14.7.jar;C:\Users\Lenovo\.m2\repository\org\objenesis\objenesis\3.3\objenesis-3.3.jar;C:\Users\Lenovo\.m2\repository\com\vladsch\flexmark\flexmark-ext-resizable-image\0.64.8\flexmark-ext-resizable-image-0.64.8.jar;C:\Users\Lenovo\.m2\repository\com\vladsch\flexmark\flexmark-ext-tables\0.64.8\flexmark-ext-tables-0.64.8.jar;C:\Users\Lenovo\.m2\repository\com\vladsch\flexmark\flexmark-util\0.64.8\flexmark-util-0.64.8.jar;"/>
    <property name="sun.cpu.endian" value="little"/>
    <property name="user.home" value="C:\Users\Lenovo"/>
    <property name="user.language" value="en"/>
    <property name="java.specification.vendor" value="Oracle Corporation"/>
    <property name="java.version.date" value="2023-04-18"/>
    <property name="java.home" value="C:\Program Files\Java\jdk-11"/>
    <property name="file.separator" value="\"/>
    <property name="basedir" value="C:\Users\Lenovo\eclipse-workspace\CucumberBDDFrame_Junit"/>
    <property name="java.vm.compressedOopsMode" value="Zero based"/>
    <property name="line.separator" value="&#10;"/>
    <property name="java.specification.name" value="Java Platform API Specification"/>
    <property name="java.vm.specification.vendor" value="Oracle Corporation"/>
    <property name="java.awt.graphicsenv" value="sun.awt.Win32GraphicsEnvironment"/>
    <property name="surefire.real.class.path" value="C:\Users\Lenovo\AppData\Local\Temp\surefire17608668953414469044\surefirebooter1285843568023736348.jar"/>
    <property name="user.script" value=""/>
    <property name="sun.management.compiler" value="HotSpot 64-Bit Tiered Compilers"/>
    <property name="java.runtime.version" value="11.0.19+9-LTS-224"/>
    <property name="user.name" value="Lenovo"/>
    <property name="path.separator" value=";"/>
    <property name="os.version" value="10.0"/>
    <property name="java.runtime.name" value="Java(TM) SE Runtime Environment"/>
    <property name="file.encoding" value="Cp1252"/>
    <property name="java.vm.name" value="Java HotSpot(TM) 64-Bit Server VM"/>
    <property name="java.vendor.version" value="18.9"/>
    <property name="localRepository" value="C:\Users\Lenovo\.m2\repository"/>
    <property name="java.vendor.url.bug" value="https://bugreport.java.com/bugreport/"/>
    <property name="java.io.tmpdir" value="C:\Users\Lenovo\AppData\Local\Temp\"/>
    <property name="java.version" value="11.0.19"/>
    <property name="user.dir" value="C:\Users\Lenovo\eclipse-workspace\CucumberBDDFrame_Junit"/>
    <property name="os.arch" value="amd64"/>
    <property name="java.vm.specification.name" value="Java Virtual Machine Specification"/>
    <property name="java.awt.printerjob" value="sun.awt.windows.WPrinterJob"/>
    <property name="sun.os.patch.level" value=""/>
    <property name="java.library.path" value="C:\Program Files\Java\jdk-11\bin;C:\Windows\Sun\Java\bin;C:\Windows\system32;C:\Windows;C:\Program Files\Common Files\Oracle\Java\javapath;C:\Windows\system32;C:\Windows;C:\Windows\System32\Wbem;C:\Windows\System32\WindowsPowerShell\v1.0\;C:\Windows\System32\OpenSSH\;C:\Program Files\Intel\WiFi\bin\;C:\Program Files\Common Files\Intel\WirelessCommon\;C:\Program Files\Java\jdk-11\bin;C:\Program Files\Git\cmd;C:\Users\Lenovo\Downloads\apache-maven-3.9.3\bin;C:\ProgramData\chocolatey\bin;;C:\Program Files\Docker\Docker\resources\bin;C:\Users\Lenovo\AppData\Local\Microsoft\WindowsApps;C:\Users\Lenovo\AppData\Local\Programs\Microsoft VS Code\bin;C:\Program Files\Oracle\VirtualBox;."/>
    <property name="java.vendor" value="Oracle Corporation"/>
    <property name="java.vm.info" value="mixed mode"/>
    <property name="java.vm.version" value="11.0.19+9-LTS-224"/>
    <property name="sun.io.unicode.encoding" value="UnicodeLittle"/>
    <property name="java.class.version" value="55.0"/>
  </properties>
</testsuite>